Using pre-set license
Built from '2020.3/release' branch; Version is '2020.3.1f1 (77a89f25062f) revision 7841951'; Using compiler version '192528614'; Build Type 'Release'
OS: 'Windows 10 Education; OS build 19042.1645; Version 2009; 64bit' Language: 'ko' Physical Memory: 24522 MB
BatchMode: 1, IsHumanControllingUs: 0, StartBugReporterOnCrash: 0, Is64bit: 1, IsPro: 0

 COMMAND LINE ARGUMENTS:
C:\2020.3.1f1\Editor\Unity.exe
-adb2
-batchMode
-noUpm
-name
AssetImportWorker2
-projectPath
F:/2DPlatformer/2DPlatfomerTest
-logFile
Logs/AssetImportWorker2.log
-srvPort
3497
Successfully changed project path to: F:/2DPlatformer/2DPlatfomerTest
F:/2DPlatformer/2DPlatfomerTest
Using Asset Import Pipeline V2.
Refreshing native plugins compatible for Editor in 46.46 ms, found 1 plugins.
Preloading 0 native plugins for Editor in 0.00 ms.
Initialize engine version: 2020.3.1f1 (77a89f25062f)
[Subsystems] Discovering subsystems at path C:/2020.3.1f1/Editor/Data/Resources/UnitySubsystems
[Subsystems] Discovering subsystems at path F:/2DPlatformer/2DPlatfomerTest/Assets
GfxDevice: creating device client; threaded=0
Direct3D:
    Version:  Direct3D 11.0 [level 11.1]
    Renderer: NVIDIA GeForce GTX 1660 SUPER (ID=0x21c4)
    Vendor:   
    VRAM:     5991 MB
    Driver:   30.0.15.1215
Initialize mono
Mono path[0] = 'C:/2020.3.1f1/Editor/Data/Managed'
Mono path[1] = 'C:/2020.3.1f1/Editor/Data/MonoBleedingEdge/lib/mono/unityjit'
Mono config path = 'C:/2020.3.1f1/Editor/Data/MonoBleedingEdge/etc'
Using monoOptions --debugger-agent=transport=dt_socket,embedding=1,server=y,suspend=n,address=127.0.0.1:56188
Begin MonoManager ReloadAssembly
Registering precompiled unity dll's ...
Register platform support module: C:/2020.3.1f1/Editor/Data/PlaybackEngines/WindowsStandaloneSupport/UnityEditor.WindowsStandalone.Extensions.dll
Registered in 0.009875 seconds.
Native extension for WindowsStandalone target not found
Refreshing native plugins compatible for Editor in 52.36 ms, found 1 plugins.
Preloading 0 native plugins for Editor in 0.00 ms.
Invoked RoslynAnalysisRunner static constructor.
RoslynAnalysisRunner will not be running.
RoslynAnalysisRunner has terminated.
Mono: successfully reloaded assembly
- Completed reload, in  4.872 seconds
Platform modules already initialized, skipping
Registering precompiled user dll's ...
Registered in 0.002660 seconds.
Begin MonoManager ReloadAssembly
Native extension for WindowsStandalone target not found
Refreshing native plugins compatible for Editor in 89.32 ms, found 1 plugins.
Preloading 0 native plugins for Editor in 0.00 ms.
Invoked RoslynAnalysisRunner static constructor.
RoslynAnalysisRunner will not be running.
RoslynAnalysisRunner has terminated.
Mono: successfully reloaded assembly
- Completed reload, in  3.167 seconds
Platform modules already initialized, skipping
========================================================================
Worker process is ready to serve import requests
Launched and connected shader compiler UnityShaderCompiler.exe after 0.15 seconds
Refreshing native plugins compatible for Editor in 0.43 ms, found 1 plugins.
Preloading 0 native plugins for Editor in 0.00 ms.
Unloading 1808 Unused Serialized files (Serialized files now loaded: 0)
System memory in use before: 87.2 MB.
System memory in use after: 87.2 MB.

Unloading 24 unused Assets to reduce memory usage. Loaded Objects now: 2250.
Total: 4.530300 ms (FindLiveObjects: 0.577200 ms CreateObjectMapping: 0.334100 ms MarkObjects: 3.406900 ms  DeleteObjects: 0.209600 ms)

========================================================================
Received Import Request.
  path: Assets/Script/CameraManager.cs
  artifactKey: Guid(e78a654ba4608f94783b7f8422a6176a) Importer(815301076,1909f56bfc062723c751e8b465ee728b)
Start importing Assets/Script/CameraManager.cs using Guid(e78a654ba4608f94783b7f8422a6176a) Importer(815301076,1909f56bfc062723c751e8b465ee728b)  -> (artifact id: '033a2c784e1085ab1a6c03e6b921f64a') in 0.076337 seconds
  Import took 0.220993 seconds .

========================================================================
Received Prepare
Registering precompiled user dll's ...
Registered in 0.004690 seconds.
Begin MonoManager ReloadAssembly
Native extension for WindowsStandalone target not found
Refreshing native plugins compatible for Editor in 0.77 ms, found 1 plugins.
Preloading 0 native plugins for Editor in 0.00 ms.
Invoked RoslynAnalysisRunner static constructor.
RoslynAnalysisRunner will not be running.
RoslynAnalysisRunner has terminated.
Mono: successfully reloaded assembly
- Completed reload, in  1.470 seconds
Platform modules already initialized, skipping
Refreshing native plugins compatible for Editor in 0.42 ms, found 1 plugins.
Preloading 0 native plugins for Editor in 0.00 ms.
Unloading 1803 Unused Serialized files (Serialized files now loaded: 0)
System memory in use before: 87.2 MB.
System memory in use after: 87.2 MB.

Unloading 12 unused Assets to reduce memory usage. Loaded Objects now: 2254.
Total: 2.575700 ms (FindLiveObjects: 0.254900 ms CreateObjectMapping: 0.050700 ms MarkObjects: 2.126100 ms  DeleteObjects: 0.142300 ms)

========================================================================
Received Prepare
Registering precompiled user dll's ...
Registered in 0.001660 seconds.
Begin MonoManager ReloadAssembly
Native extension for WindowsStandalone target not found
Refreshing native plugins compatible for Editor in 0.46 ms, found 1 plugins.
Preloading 0 native plugins for Editor in 0.00 ms.
Invoked RoslynAnalysisRunner static constructor.
RoslynAnalysisRunner will not be running.
RoslynAnalysisRunner has terminated.
Mono: successfully reloaded assembly
- Completed reload, in  1.444 seconds
Platform modules already initialized, skipping
Refreshing native plugins compatible for Editor in 0.71 ms, found 1 plugins.
Preloading 0 native plugins for Editor in 0.00 ms.
Unloading 1803 Unused Serialized files (Serialized files now loaded: 0)
System memory in use before: 87.2 MB.
System memory in use after: 87.2 MB.

Unloading 12 unused Assets to reduce memory usage. Loaded Objects now: 2258.
Total: 3.163600 ms (FindLiveObjects: 0.364900 ms CreateObjectMapping: 0.125200 ms MarkObjects: 2.519400 ms  DeleteObjects: 0.152000 ms)

========================================================================
Received Prepare
Registering precompiled user dll's ...
Registered in 0.001393 seconds.
Begin MonoManager ReloadAssembly
Native extension for WindowsStandalone target not found
Refreshing native plugins compatible for Editor in 0.56 ms, found 1 plugins.
Preloading 0 native plugins for Editor in 0.00 ms.
Invoked RoslynAnalysisRunner static constructor.
RoslynAnalysisRunner will not be running.
RoslynAnalysisRunner has terminated.
Mono: successfully reloaded assembly
- Completed reload, in  1.414 seconds
Platform modules already initialized, skipping
Refreshing native plugins compatible for Editor in 0.43 ms, found 1 plugins.
Preloading 0 native plugins for Editor in 0.00 ms.
Unloading 1803 Unused Serialized files (Serialized files now loaded: 0)
System memory in use before: 87.2 MB.
System memory in use after: 87.2 MB.

Unloading 12 unused Assets to reduce memory usage. Loaded Objects now: 2262.
Total: 2.808800 ms (FindLiveObjects: 0.282900 ms CreateObjectMapping: 0.057400 ms MarkObjects: 2.303500 ms  DeleteObjects: 0.162900 ms)

========================================================================
Received Prepare
Registering precompiled user dll's ...
Registered in 0.001527 seconds.
Begin MonoManager ReloadAssembly
Native extension for WindowsStandalone target not found
Refreshing native plugins compatible for Editor in 0.47 ms, found 1 plugins.
Preloading 0 native plugins for Editor in 0.00 ms.
Invoked RoslynAnalysisRunner static constructor.
RoslynAnalysisRunner will not be running.
RoslynAnalysisRunner has terminated.
Mono: successfully reloaded assembly
- Completed reload, in  1.461 seconds
Platform modules already initialized, skipping
Refreshing native plugins compatible for Editor in 0.45 ms, found 1 plugins.
Preloading 0 native plugins for Editor in 0.00 ms.
Unloading 1803 Unused Serialized files (Serialized files now loaded: 0)
System memory in use before: 87.2 MB.
System memory in use after: 87.2 MB.

Unloading 12 unused Assets to reduce memory usage. Loaded Objects now: 2266.
Total: 2.717600 ms (FindLiveObjects: 0.370600 ms CreateObjectMapping: 0.096600 ms MarkObjects: 2.101200 ms  DeleteObjects: 0.147600 ms)

========================================================================
Received Prepare
Registering precompiled user dll's ...
Registered in 0.002030 seconds.
Begin MonoManager ReloadAssembly
Native extension for WindowsStandalone target not found
Refreshing native plugins compatible for Editor in 0.44 ms, found 1 plugins.
Preloading 0 native plugins for Editor in 0.00 ms.
Invoked RoslynAnalysisRunner static constructor.
RoslynAnalysisRunner will not be running.
RoslynAnalysisRunner has terminated.
Mono: successfully reloaded assembly
- Completed reload, in  1.450 seconds
Platform modules already initialized, skipping
Refreshing native plugins compatible for Editor in 0.44 ms, found 1 plugins.
Preloading 0 native plugins for Editor in 0.00 ms.
Unloading 1803 Unused Serialized files (Serialized files now loaded: 0)
System memory in use before: 87.3 MB.
System memory in use after: 87.3 MB.

Unloading 12 unused Assets to reduce memory usage. Loaded Objects now: 2270.
Total: 3.546300 ms (FindLiveObjects: 0.378200 ms CreateObjectMapping: 0.102200 ms MarkObjects: 2.891500 ms  DeleteObjects: 0.172300 ms)

========================================================================
Received Prepare
Registering precompiled user dll's ...
Registered in 0.001665 seconds.
Begin MonoManager ReloadAssembly
Native extension for WindowsStandalone target not found
Refreshing native plugins compatible for Editor in 0.43 ms, found 1 plugins.
Preloading 0 native plugins for Editor in 0.00 ms.
Invoked RoslynAnalysisRunner static constructor.
RoslynAnalysisRunner will not be running.
RoslynAnalysisRunner has terminated.
Mono: successfully reloaded assembly
- Completed reload, in  1.408 seconds
Platform modules already initialized, skipping
Refreshing native plugins compatible for Editor in 0.40 ms, found 1 plugins.
Preloading 0 native plugins for Editor in 0.00 ms.
Unloading 1803 Unused Serialized files (Serialized files now loaded: 0)
System memory in use before: 87.3 MB.
System memory in use after: 87.3 MB.

Unloading 12 unused Assets to reduce memory usage. Loaded Objects now: 2274.
Total: 2.677700 ms (FindLiveObjects: 0.257400 ms CreateObjectMapping: 0.055700 ms MarkObjects: 2.205700 ms  DeleteObjects: 0.157200 ms)

========================================================================
Received Prepare
Registering precompiled user dll's ...
Registered in 0.001313 seconds.
Begin MonoManager ReloadAssembly
Native extension for WindowsStandalone target not found
Refreshing native plugins compatible for Editor in 0.66 ms, found 1 plugins.
Preloading 0 native plugins for Editor in 0.00 ms.
Invoked RoslynAnalysisRunner static constructor.
RoslynAnalysisRunner will not be running.
RoslynAnalysisRunner has terminated.
Mono: successfully reloaded assembly
- Completed reload, in  1.499 seconds
Platform modules already initialized, skipping
Refreshing native plugins compatible for Editor in 0.44 ms, found 1 plugins.
Preloading 0 native plugins for Editor in 0.00 ms.
Unloading 1803 Unused Serialized files (Serialized files now loaded: 0)
System memory in use before: 87.3 MB.
System memory in use after: 87.3 MB.

Unloading 12 unused Assets to reduce memory usage. Loaded Objects now: 2278.
Total: 2.571400 ms (FindLiveObjects: 0.255100 ms CreateObjectMapping: 0.056000 ms MarkObjects: 2.115100 ms  DeleteObjects: 0.143500 ms)

========================================================================
Received Prepare
Registering precompiled user dll's ...
Registered in 0.001375 seconds.
Begin MonoManager ReloadAssembly
Native extension for WindowsStandalone target not found
Refreshing native plugins compatible for Editor in 0.49 ms, found 1 plugins.
Preloading 0 native plugins for Editor in 0.00 ms.
Invoked RoslynAnalysisRunner static constructor.
RoslynAnalysisRunner will not be running.
RoslynAnalysisRunner has terminated.
Mono: successfully reloaded assembly
- Completed reload, in  1.363 seconds
Platform modules already initialized, skipping
Refreshing native plugins compatible for Editor in 0.61 ms, found 1 plugins.
Preloading 0 native plugins for Editor in 0.00 ms.
Unloading 1803 Unused Serialized files (Serialized files now loaded: 0)
System memory in use before: 87.3 MB.
System memory in use after: 87.3 MB.

Unloading 12 unused Assets to reduce memory usage. Loaded Objects now: 2282.
Total: 3.113500 ms (FindLiveObjects: 0.378200 ms CreateObjectMapping: 0.089500 ms MarkObjects: 2.479200 ms  DeleteObjects: 0.165000 ms)

========================================================================
Received Prepare
Registering precompiled user dll's ...
Registered in 0.002496 seconds.
Begin MonoManager ReloadAssembly
Native extension for WindowsStandalone target not found
Refreshing native plugins compatible for Editor in 0.41 ms, found 1 plugins.
Preloading 0 native plugins for Editor in 0.00 ms.
Invoked RoslynAnalysisRunner static constructor.
RoslynAnalysisRunner will not be running.
RoslynAnalysisRunner has terminated.
Mono: successfully reloaded assembly
- Completed reload, in  1.540 seconds
Platform modules already initialized, skipping
Refreshing native plugins compatible for Editor in 0.40 ms, found 1 plugins.
Preloading 0 native plugins for Editor in 0.00 ms.
Unloading 1803 Unused Serialized files (Serialized files now loaded: 0)
System memory in use before: 87.3 MB.
System memory in use after: 87.3 MB.

Unloading 12 unused Assets to reduce memory usage. Loaded Objects now: 2286.
Total: 2.554300 ms (FindLiveObjects: 0.388600 ms CreateObjectMapping: 0.089700 ms MarkObjects: 1.932100 ms  DeleteObjects: 0.142100 ms)

========================================================================
Received Prepare
Registering precompiled user dll's ...
Registered in 0.001904 seconds.
Begin MonoManager ReloadAssembly
Native extension for WindowsStandalone target not found
Refreshing native plugins compatible for Editor in 0.47 ms, found 1 plugins.
Preloading 0 native plugins for Editor in 0.00 ms.
Invoked RoslynAnalysisRunner static constructor.
RoslynAnalysisRunner will not be running.
RoslynAnalysisRunner has terminated.
Mono: successfully reloaded assembly
- Completed reload, in  1.598 seconds
Platform modules already initialized, skipping
Refreshing native plugins compatible for Editor in 0.51 ms, found 1 plugins.
Preloading 0 native plugins for Editor in 0.00 ms.
Unloading 1803 Unused Serialized files (Serialized files now loaded: 0)
System memory in use before: 87.3 MB.
System memory in use after: 87.3 MB.

Unloading 12 unused Assets to reduce memory usage. Loaded Objects now: 2290.
Total: 2.990400 ms (FindLiveObjects: 0.301200 ms CreateObjectMapping: 0.069900 ms MarkObjects: 2.461600 ms  DeleteObjects: 0.155700 ms)

========================================================================
Received Prepare
Registering precompiled user dll's ...
Registered in 0.001540 seconds.
Begin MonoManager ReloadAssembly
Native extension for WindowsStandalone target not found
Refreshing native plugins compatible for Editor in 0.65 ms, found 1 plugins.
Preloading 0 native plugins for Editor in 0.00 ms.
Invoked RoslynAnalysisRunner static constructor.
RoslynAnalysisRunner will not be running.
RoslynAnalysisRunner has terminated.
Mono: successfully reloaded assembly
- Completed reload, in  2.158 seconds
Platform modules already initialized, skipping
Refreshing native plugins compatible for Editor in 0.59 ms, found 1 plugins.
Preloading 0 native plugins for Editor in 0.00 ms.
Unloading 1803 Unused Serialized files (Serialized files now loaded: 0)
System memory in use before: 87.3 MB.
System memory in use after: 87.3 MB.

Unloading 12 unused Assets to reduce memory usage. Loaded Objects now: 2294.
Total: 2.629200 ms (FindLiveObjects: 0.327900 ms CreateObjectMapping: 0.067000 ms MarkObjects: 2.069500 ms  DeleteObjects: 0.163300 ms)

========================================================================
Received Prepare
Registering precompiled user dll's ...
Registered in 0.001600 seconds.
Begin MonoManager ReloadAssembly
Native extension for WindowsStandalone target not found
Refreshing native plugins compatible for Editor in 0.72 ms, found 1 plugins.
Preloading 0 native plugins for Editor in 0.00 ms.
Invoked RoslynAnalysisRunner static constructor.
RoslynAnalysisRunner will not be running.
RoslynAnalysisRunner has terminated.
Mono: successfully reloaded assembly
- Completed reload, in  1.533 seconds
Platform modules already initialized, skipping
Refreshing native plugins compatible for Editor in 0.46 ms, found 1 plugins.
Preloading 0 native plugins for Editor in 0.00 ms.
Unloading 1803 Unused Serialized files (Serialized files now loaded: 0)
System memory in use before: 87.3 MB.
System memory in use after: 87.3 MB.

Unloading 12 unused Assets to reduce memory usage. Loaded Objects now: 2298.
Total: 2.885000 ms (FindLiveObjects: 0.323600 ms CreateObjectMapping: 0.070800 ms MarkObjects: 2.342400 ms  DeleteObjects: 0.146500 ms)

========================================================================
Received Prepare
Registering precompiled user dll's ...
Registered in 0.001316 seconds.
Begin MonoManager ReloadAssembly
Native extension for WindowsStandalone target not found
Refreshing native plugins compatible for Editor in 0.63 ms, found 1 plugins.
Preloading 0 native plugins for Editor in 0.00 ms.
Invoked RoslynAnalysisRunner static constructor.
RoslynAnalysisRunner will not be running.
RoslynAnalysisRunner has terminated.
Mono: successfully reloaded assembly
- Completed reload, in  1.559 seconds
Platform modules already initialized, skipping
Refreshing native plugins compatible for Editor in 0.63 ms, found 1 plugins.
Preloading 0 native plugins for Editor in 0.00 ms.
Unloading 1803 Unused Serialized files (Serialized files now loaded: 0)
System memory in use before: 87.3 MB.
System memory in use after: 87.3 MB.

Unloading 12 unused Assets to reduce memory usage. Loaded Objects now: 2302.
Total: 3.533300 ms (FindLiveObjects: 0.324100 ms CreateObjectMapping: 0.079000 ms MarkObjects: 2.937400 ms  DeleteObjects: 0.190800 ms)

========================================================================
Received Prepare
Registering precompiled user dll's ...
Registered in 0.002259 seconds.
Begin MonoManager ReloadAssembly
Native extension for WindowsStandalone target not found
Refreshing native plugins compatible for Editor in 0.41 ms, found 1 plugins.
Preloading 0 native plugins for Editor in 0.00 ms.
Invoked RoslynAnalysisRunner static constructor.
RoslynAnalysisRunner will not be running.
RoslynAnalysisRunner has terminated.
Mono: successfully reloaded assembly
- Completed reload, in  1.361 seconds
Platform modules already initialized, skipping
Refreshing native plugins compatible for Editor in 0.42 ms, found 1 plugins.
Preloading 0 native plugins for Editor in 0.00 ms.
Unloading 1803 Unused Serialized files (Serialized files now loaded: 0)
System memory in use before: 87.3 MB.
System memory in use after: 87.3 MB.

Unloading 12 unused Assets to reduce memory usage. Loaded Objects now: 2306.
Total: 2.619200 ms (FindLiveObjects: 0.242000 ms CreateObjectMapping: 0.052900 ms MarkObjects: 2.159300 ms  DeleteObjects: 0.162800 ms)

========================================================================
Received Prepare
Registering precompiled user dll's ...
Registered in 0.001542 seconds.
Begin MonoManager ReloadAssembly
Native extension for WindowsStandalone target not found
Refreshing native plugins compatible for Editor in 0.41 ms, found 1 plugins.
Preloading 0 native plugins for Editor in 0.00 ms.
Invoked RoslynAnalysisRunner static constructor.
RoslynAnalysisRunner will not be running.
RoslynAnalysisRunner has terminated.
Mono: successfully reloaded assembly
- Completed reload, in  1.432 seconds
Platform modules already initialized, skipping
Refreshing native plugins compatible for Editor in 0.43 ms, found 1 plugins.
Preloading 0 native plugins for Editor in 0.00 ms.
Unloading 1803 Unused Serialized files (Serialized files now loaded: 0)
System memory in use before: 87.3 MB.
System memory in use after: 87.3 MB.

Unloading 12 unused Assets to reduce memory usage. Loaded Objects now: 2310.
Total: 2.743800 ms (FindLiveObjects: 0.382700 ms CreateObjectMapping: 0.091100 ms MarkObjects: 2.106300 ms  DeleteObjects: 0.162000 ms)

========================================================================
Received Prepare
Registering precompiled user dll's ...
Registered in 0.001497 seconds.
Begin MonoManager ReloadAssembly
Native extension for WindowsStandalone target not found
Refreshing native plugins compatible for Editor in 0.70 ms, found 1 plugins.
Preloading 0 native plugins for Editor in 0.00 ms.
Invoked RoslynAnalysisRunner static constructor.
RoslynAnalysisRunner will not be running.
RoslynAnalysisRunner has terminated.
Mono: successfully reloaded assembly
- Completed reload, in  1.637 seconds
Platform modules already initialized, skipping
Refreshing native plugins compatible for Editor in 0.49 ms, found 1 plugins.
Preloading 0 native plugins for Editor in 0.00 ms.
Unloading 1803 Unused Serialized files (Serialized files now loaded: 0)
System memory in use before: 87.4 MB.
System memory in use after: 87.3 MB.

Unloading 12 unused Assets to reduce memory usage. Loaded Objects now: 2314.
Total: 2.994900 ms (FindLiveObjects: 0.321100 ms CreateObjectMapping: 0.062800 ms MarkObjects: 2.405500 ms  DeleteObjects: 0.203500 ms)

========================================================================
Received Prepare
Registering precompiled user dll's ...
Registered in 0.001410 seconds.
Begin MonoManager ReloadAssembly
Native extension for WindowsStandalone target not found
Refreshing native plugins compatible for Editor in 0.51 ms, found 1 plugins.
Preloading 0 native plugins for Editor in 0.00 ms.
Invoked RoslynAnalysisRunner static constructor.
RoslynAnalysisRunner will not be running.
RoslynAnalysisRunner has terminated.
Mono: successfully reloaded assembly
- Completed reload, in  1.428 seconds
Platform modules already initialized, skipping
Refreshing native plugins compatible for Editor in 0.62 ms, found 1 plugins.
Preloading 0 native plugins for Editor in 0.00 ms.
Unloading 1803 Unused Serialized files (Serialized files now loaded: 0)
System memory in use before: 87.4 MB.
System memory in use after: 87.4 MB.

Unloading 12 unused Assets to reduce memory usage. Loaded Objects now: 2318.
Total: 3.347400 ms (FindLiveObjects: 0.386300 ms CreateObjectMapping: 0.106300 ms MarkObjects: 2.697600 ms  DeleteObjects: 0.155300 ms)

========================================================================
Received Prepare
Registering precompiled user dll's ...
Registered in 0.001755 seconds.
Begin MonoManager ReloadAssembly
Native extension for WindowsStandalone target not found
Refreshing native plugins compatible for Editor in 0.70 ms, found 1 plugins.
Preloading 0 native plugins for Editor in 0.00 ms.
Invoked RoslynAnalysisRunner static constructor.
RoslynAnalysisRunner will not be running.
RoslynAnalysisRunner has terminated.
Mono: successfully reloaded assembly
- Completed reload, in  1.416 seconds
Platform modules already initialized, skipping
Refreshing native plugins compatible for Editor in 0.45 ms, found 1 plugins.
Preloading 0 native plugins for Editor in 0.00 ms.
Unloading 1803 Unused Serialized files (Serialized files now loaded: 0)
System memory in use before: 87.4 MB.
System memory in use after: 87.4 MB.

Unloading 12 unused Assets to reduce memory usage. Loaded Objects now: 2322.
Total: 3.178100 ms (FindLiveObjects: 0.390000 ms CreateObjectMapping: 0.120000 ms MarkObjects: 2.515500 ms  DeleteObjects: 0.150200 ms)

========================================================================
Received Prepare
Registering precompiled user dll's ...
Registered in 0.001359 seconds.
Begin MonoManager ReloadAssembly
Native extension for WindowsStandalone target not found
Refreshing native plugins compatible for Editor in 0.54 ms, found 1 plugins.
Preloading 0 native plugins for Editor in 0.00 ms.
Invoked RoslynAnalysisRunner static constructor.
RoslynAnalysisRunner will not be running.
RoslynAnalysisRunner has terminated.
Mono: successfully reloaded assembly
- Completed reload, in  1.371 seconds
Platform modules already initialized, skipping
Refreshing native plugins compatible for Editor in 0.43 ms, found 1 plugins.
Preloading 0 native plugins for Editor in 0.00 ms.
Unloading 1803 Unused Serialized files (Serialized files now loaded: 0)
System memory in use before: 87.4 MB.
System memory in use after: 87.4 MB.

Unloading 12 unused Assets to reduce memory usage. Loaded Objects now: 2326.
Total: 2.960900 ms (FindLiveObjects: 0.277000 ms CreateObjectMapping: 0.060600 ms MarkObjects: 2.453500 ms  DeleteObjects: 0.168200 ms)

========================================================================
Received Prepare
Registering precompiled user dll's ...
Registered in 0.001721 seconds.
Begin MonoManager ReloadAssembly
Native extension for WindowsStandalone target not found
Refreshing native plugins compatible for Editor in 0.41 ms, found 1 plugins.
Preloading 0 native plugins for Editor in 0.00 ms.
Invoked RoslynAnalysisRunner static constructor.
RoslynAnalysisRunner will not be running.
RoslynAnalysisRunner has terminated.
Mono: successfully reloaded assembly
- Completed reload, in  1.448 seconds
Platform modules already initialized, skipping
Refreshing native plugins compatible for Editor in 0.45 ms, found 1 plugins.
Preloading 0 native plugins for Editor in 0.00 ms.
Unloading 1803 Unused Serialized files (Serialized files now loaded: 0)
System memory in use before: 87.4 MB.
System memory in use after: 87.4 MB.

Unloading 12 unused Assets to reduce memory usage. Loaded Objects now: 2330.
Total: 2.679500 ms (FindLiveObjects: 0.254000 ms CreateObjectMapping: 0.052500 ms MarkObjects: 2.218300 ms  DeleteObjects: 0.153400 ms)

========================================================================
Received Prepare
Registering precompiled user dll's ...
Registered in 0.001505 seconds.
Begin MonoManager ReloadAssembly
Native extension for WindowsStandalone target not found
Refreshing native plugins compatible for Editor in 0.45 ms, found 1 plugins.
Preloading 0 native plugins for Editor in 0.00 ms.
Invoked RoslynAnalysisRunner static constructor.
RoslynAnalysisRunner will not be running.
RoslynAnalysisRunner has terminated.
Mono: successfully reloaded assembly
- Completed reload, in  1.970 seconds
Platform modules already initialized, skipping
Refreshing native plugins compatible for Editor in 0.43 ms, found 1 plugins.
Preloading 0 native plugins for Editor in 0.00 ms.
Unloading 1803 Unused Serialized files (Serialized files now loaded: 0)
System memory in use before: 87.4 MB.
System memory in use after: 87.4 MB.

Unloading 12 unused Assets to reduce memory usage. Loaded Objects now: 2334.
Total: 3.252400 ms (FindLiveObjects: 0.350400 ms CreateObjectMapping: 0.073100 ms MarkObjects: 2.605900 ms  DeleteObjects: 0.220900 ms)

========================================================================
Received Import Request.
  Time since last request: 79367.924362 seconds.
  path: Assets/Script
  artifactKey: Guid(28c406f76f9d8d442a1858b0c0f7013f) Importer(815301076,1909f56bfc062723c751e8b465ee728b)
Start importing Assets/Script using Guid(28c406f76f9d8d442a1858b0c0f7013f) Importer(815301076,1909f56bfc062723c751e8b465ee728b)  -> (artifact id: '1ec176a7630d029019d00a01fa4a925e') in 0.366582 seconds
  Import took 0.386808 seconds .

========================================================================
Received Import Request.
  Time since last request: 6.550787 seconds.
  path: Assets/Script/GetItem.cs
  artifactKey: Guid(bc504cd17a321c846a3c3c1f35d9907c) Importer(815301076,1909f56bfc062723c751e8b465ee728b)
Start importing Assets/Script/GetItem.cs using Guid(bc504cd17a321c846a3c3c1f35d9907c) Importer(815301076,1909f56bfc062723c751e8b465ee728b)  -> (artifact id: 'ae59c88fee1a63fa593a11f77f6145f0') in 0.003572 seconds
  Import took 0.007715 seconds .

========================================================================
Received Import Request.
  Time since last request: 0.001098 seconds.
  path: Assets/Script/GetItem.cs
  artifactKey: Guid(bc504cd17a321c846a3c3c1f35d9907c) Importer(815301076,1909f56bfc062723c751e8b465ee728b)
Start importing Assets/Script/GetItem.cs using Guid(bc504cd17a321c846a3c3c1f35d9907c) Importer(815301076,1909f56bfc062723c751e8b465ee728b)  -> (artifact id: 'ae59c88fee1a63fa593a11f77f6145f0') in 0.003921 seconds
  Import took 0.039201 seconds .

========================================================================
Received Prepare
Registering precompiled user dll's ...
Registered in 0.002431 seconds.
Begin MonoManager ReloadAssembly
Native extension for WindowsStandalone target not found
Refreshing native plugins compatible for Editor in 0.46 ms, found 1 plugins.
Preloading 0 native plugins for Editor in 0.00 ms.
Invoked RoslynAnalysisRunner static constructor.
RoslynAnalysisRunner will not be running.
RoslynAnalysisRunner has terminated.
Mono: successfully reloaded assembly
- Completed reload, in  2.871 seconds
Platform modules already initialized, skipping
Refreshing native plugins compatible for Editor in 1.15 ms, found 1 plugins.
Preloading 0 native plugins for Editor in 0.00 ms.
Unloading 1804 Unused Serialized files (Serialized files now loaded: 0)
System memory in use before: 87.4 MB.
System memory in use after: 87.4 MB.

Unloading 12 unused Assets to reduce memory usage. Loaded Objects now: 2339.
Total: 9.398200 ms (FindLiveObjects: 0.485700 ms CreateObjectMapping: 1.822900 ms MarkObjects: 6.838300 ms  DeleteObjects: 0.248300 ms)

========================================================================
Received Prepare
Registering precompiled user dll's ...
Registered in 0.001902 seconds.
Begin MonoManager ReloadAssembly
Native extension for WindowsStandalone target not found
Refreshing native plugins compatible for Editor in 0.49 ms, found 1 plugins.
Preloading 0 native plugins for Editor in 0.00 ms.
Invoked RoslynAnalysisRunner static constructor.
RoslynAnalysisRunner will not be running.
RoslynAnalysisRunner has terminated.
Mono: successfully reloaded assembly
- Completed reload, in  1.445 seconds
Platform modules already initialized, skipping
Refreshing native plugins compatible for Editor in 0.41 ms, found 1 plugins.
Preloading 0 native plugins for Editor in 0.00 ms.
Unloading 1804 Unused Serialized files (Serialized files now loaded: 0)
System memory in use before: 87.4 MB.
System memory in use after: 87.4 MB.

Unloading 12 unused Assets to reduce memory usage. Loaded Objects now: 2343.
Total: 2.855300 ms (FindLiveObjects: 0.254400 ms CreateObjectMapping: 0.048300 ms MarkObjects: 2.387800 ms  DeleteObjects: 0.163100 ms)

========================================================================
Received Import Request.
  Time since last request: 1603.704111 seconds.
  path: Assets/Script/GetItem.cs
  artifactKey: Guid(bc504cd17a321c846a3c3c1f35d9907c) Importer(815301076,1909f56bfc062723c751e8b465ee728b)
Start importing Assets/Script/GetItem.cs using Guid(bc504cd17a321c846a3c3c1f35d9907c) Importer(815301076,1909f56bfc062723c751e8b465ee728b)  -> (artifact id: 'd316eaa5b2a7e35955e19a18f5d4230d') in 0.008040 seconds
  Import took 0.028029 seconds .

========================================================================
Received Prepare
Registering precompiled user dll's ...
Registered in 0.002070 seconds.
Begin MonoManager ReloadAssembly
Native extension for WindowsStandalone target not found
Refreshing native plugins compatible for Editor in 0.54 ms, found 1 plugins.
Preloading 0 native plugins for Editor in 0.00 ms.
Invoked RoslynAnalysisRunner static constructor.
RoslynAnalysisRunner will not be running.
RoslynAnalysisRunner has terminated.
Mono: successfully reloaded assembly
- Completed reload, in  1.681 seconds
Platform modules already initialized, skipping
Refreshing native plugins compatible for Editor in 0.43 ms, found 1 plugins.
Preloading 0 native plugins for Editor in 0.00 ms.
Unloading 1804 Unused Serialized files (Serialized files now loaded: 0)
System memory in use before: 87.4 MB.
System memory in use after: 87.4 MB.

Unloading 12 unused Assets to reduce memory usage. Loaded Objects now: 2347.
Total: 3.149900 ms (FindLiveObjects: 0.388400 ms CreateObjectMapping: 0.088000 ms MarkObjects: 2.509400 ms  DeleteObjects: 0.162500 ms)

========================================================================
Received Import Request.
  Time since last request: 951.169265 seconds.
  path: ProjectSettings/TagManager.asset
  artifactKey: Guid(00000000000000003000000000000000) Importer(815301076,1909f56bfc062723c751e8b465ee728b)
Start importing ProjectSettings/TagManager.asset using Guid(00000000000000003000000000000000) Importer(815301076,1909f56bfc062723c751e8b465ee728b)  -> (artifact id: 'fe188468d5137eb08aa4f4d8a9f8fbcb') in 0.037871 seconds
  Import took 0.056897 seconds .

========================================================================
Received Prepare
Registering precompiled user dll's ...
Registered in 0.001537 seconds.
Begin MonoManager ReloadAssembly
Native extension for WindowsStandalone target not found
Refreshing native plugins compatible for Editor in 0.74 ms, found 1 plugins.
Preloading 0 native plugins for Editor in 0.00 ms.
Invoked RoslynAnalysisRunner static constructor.
RoslynAnalysisRunner will not be running.
RoslynAnalysisRunner has terminated.
Mono: successfully reloaded assembly
- Completed reload, in  1.607 seconds
Platform modules already initialized, skipping
Refreshing native plugins compatible for Editor in 0.63 ms, found 1 plugins.
Preloading 0 native plugins for Editor in 0.00 ms.
Unloading 1804 Unused Serialized files (Serialized files now loaded: 0)
System memory in use before: 87.5 MB.
System memory in use after: 87.5 MB.

Unloading 13 unused Assets to reduce memory usage. Loaded Objects now: 2351.
Total: 2.942900 ms (FindLiveObjects: 0.396700 ms CreateObjectMapping: 0.108000 ms MarkObjects: 2.274900 ms  DeleteObjects: 0.160500 ms)

========================================================================
Received Prepare
Registering precompiled user dll's ...
Registered in 0.002169 seconds.
Begin MonoManager ReloadAssembly
Native extension for WindowsStandalone target not found
Refreshing native plugins compatible for Editor in 0.74 ms, found 1 plugins.
Preloading 0 native plugins for Editor in 0.00 ms.
Invoked RoslynAnalysisRunner static constructor.
RoslynAnalysisRunner will not be running.
RoslynAnalysisRunner has terminated.
Mono: successfully reloaded assembly
- Completed reload, in  1.682 seconds
Platform modules already initialized, skipping
Refreshing native plugins compatible for Editor in 0.58 ms, found 1 plugins.
Preloading 0 native plugins for Editor in 0.00 ms.
Unloading 1804 Unused Serialized files (Serialized files now loaded: 0)
System memory in use before: 87.5 MB.
System memory in use after: 87.5 MB.

Unloading 12 unused Assets to reduce memory usage. Loaded Objects now: 2355.
Total: 3.089600 ms (FindLiveObjects: 0.395200 ms CreateObjectMapping: 0.094200 ms MarkObjects: 2.441700 ms  DeleteObjects: 0.156800 ms)

========================================================================
Received Prepare
Registering precompiled user dll's ...
Registered in 0.001788 seconds.
Begin MonoManager ReloadAssembly
Native extension for WindowsStandalone target not found
Refreshing native plugins compatible for Editor in 0.73 ms, found 1 plugins.
Preloading 0 native plugins for Editor in 0.00 ms.
Invoked RoslynAnalysisRunner static constructor.
RoslynAnalysisRunner will not be running.
RoslynAnalysisRunner has terminated.
Mono: successfully reloaded assembly
- Completed reload, in  1.594 seconds
Platform modules already initialized, skipping
Refreshing native plugins compatible for Editor in 0.42 ms, found 1 plugins.
Preloading 0 native plugins for Editor in 0.00 ms.
Unloading 1804 Unused Serialized files (Serialized files now loaded: 0)
System memory in use before: 87.5 MB.
System memory in use after: 87.5 MB.

Unloading 12 unused Assets to reduce memory usage. Loaded Objects now: 2359.
Total: 3.161300 ms (FindLiveObjects: 0.367800 ms CreateObjectMapping: 0.106200 ms MarkObjects: 2.520000 ms  DeleteObjects: 0.164200 ms)

========================================================================
Received Prepare
Registering precompiled user dll's ...
Registered in 0.001369 seconds.
Begin MonoManager ReloadAssembly
Native extension for WindowsStandalone target not found
Refreshing native plugins compatible for Editor in 0.47 ms, found 1 plugins.
Preloading 0 native plugins for Editor in 0.00 ms.
Invoked RoslynAnalysisRunner static constructor.
RoslynAnalysisRunner will not be running.
RoslynAnalysisRunner has terminated.
Mono: successfully reloaded assembly
- Completed reload, in  1.593 seconds
Platform modules already initialized, skipping
Refreshing native plugins compatible for Editor in 0.59 ms, found 1 plugins.
Preloading 0 native plugins for Editor in 0.00 ms.
Unloading 1804 Unused Serialized files (Serialized files now loaded: 0)
System memory in use before: 87.5 MB.
System memory in use after: 87.5 MB.

Unloading 12 unused Assets to reduce memory usage. Loaded Objects now: 2363.
Total: 4.856600 ms (FindLiveObjects: 1.111600 ms CreateObjectMapping: 0.209000 ms MarkObjects: 3.346500 ms  DeleteObjects: 0.187000 ms)

========================================================================
Received Prepare
Registering precompiled user dll's ...
Registered in 0.002241 seconds.
Begin MonoManager ReloadAssembly
Native extension for WindowsStandalone target not found
Refreshing native plugins compatible for Editor in 0.65 ms, found 1 plugins.
Preloading 0 native plugins for Editor in 0.00 ms.
Invoked RoslynAnalysisRunner static constructor.
RoslynAnalysisRunner will not be running.
RoslynAnalysisRunner has terminated.
Mono: successfully reloaded assembly
- Completed reload, in  1.441 seconds
Platform modules already initialized, skipping
Refreshing native plugins compatible for Editor in 0.40 ms, found 1 plugins.
Preloading 0 native plugins for Editor in 0.00 ms.
Unloading 1804 Unused Serialized files (Serialized files now loaded: 0)
System memory in use before: 87.5 MB.
System memory in use after: 87.5 MB.

Unloading 12 unused Assets to reduce memory usage. Loaded Objects now: 2367.
Total: 2.661800 ms (FindLiveObjects: 0.280200 ms CreateObjectMapping: 0.054100 ms MarkObjects: 2.165200 ms  DeleteObjects: 0.160700 ms)

========================================================================
Received Prepare
Registering precompiled user dll's ...
Registered in 0.001594 seconds.
Begin MonoManager ReloadAssembly
Native extension for WindowsStandalone target not found
Refreshing native plugins compatible for Editor in 0.41 ms, found 1 plugins.
Preloading 0 native plugins for Editor in 0.00 ms.
Invoked RoslynAnalysisRunner static constructor.
RoslynAnalysisRunner will not be running.
RoslynAnalysisRunner has terminated.
Mono: successfully reloaded assembly
- Completed reload, in  1.483 seconds
Platform modules already initialized, skipping
Refreshing native plugins compatible for Editor in 0.44 ms, found 1 plugins.
Preloading 0 native plugins for Editor in 0.00 ms.
Unloading 1804 Unused Serialized files (Serialized files now loaded: 0)
System memory in use before: 87.5 MB.
System memory in use after: 87.5 MB.

Unloading 12 unused Assets to reduce memory usage. Loaded Objects now: 2371.
Total: 2.862800 ms (FindLiveObjects: 0.324800 ms CreateObjectMapping: 0.073800 ms MarkObjects: 2.309900 ms  DeleteObjects: 0.152100 ms)

========================================================================
Received Prepare
Registering precompiled user dll's ...
Registered in 0.001858 seconds.
Begin MonoManager ReloadAssembly
Native extension for WindowsStandalone target not found
Refreshing native plugins compatible for Editor in 0.47 ms, found 1 plugins.
Preloading 0 native plugins for Editor in 0.00 ms.
Invoked RoslynAnalysisRunner static constructor.
RoslynAnalysisRunner will not be running.
RoslynAnalysisRunner has terminated.
Mono: successfully reloaded assembly
- Completed reload, in  1.535 seconds
Platform modules already initialized, skipping
Refreshing native plugins compatible for Editor in 0.40 ms, found 1 plugins.
Preloading 0 native plugins for Editor in 0.00 ms.
Unloading 1804 Unused Serialized files (Serialized files now loaded: 0)
System memory in use before: 87.5 MB.
System memory in use after: 87.5 MB.

Unloading 12 unused Assets to reduce memory usage. Loaded Objects now: 2375.
Total: 3.452500 ms (FindLiveObjects: 0.332100 ms CreateObjectMapping: 0.061900 ms MarkObjects: 2.867700 ms  DeleteObjects: 0.189100 ms)

========================================================================
Received Prepare
Registering precompiled user dll's ...
Registered in 0.001775 seconds.
Begin MonoManager ReloadAssembly
Native extension for WindowsStandalone target not found
Refreshing native plugins compatible for Editor in 0.48 ms, found 1 plugins.
Preloading 0 native plugins for Editor in 0.00 ms.
Invoked RoslynAnalysisRunner static constructor.
RoslynAnalysisRunner will not be running.
RoslynAnalysisRunner has terminated.
Mono: successfully reloaded assembly
- Completed reload, in  1.416 seconds
Platform modules already initialized, skipping
Refreshing native plugins compatible for Editor in 0.57 ms, found 1 plugins.
Preloading 0 native plugins for Editor in 0.00 ms.
Unloading 1804 Unused Serialized files (Serialized files now loaded: 0)
System memory in use before: 87.5 MB.
System memory in use after: 87.5 MB.

Unloading 12 unused Assets to reduce memory usage. Loaded Objects now: 2379.
Total: 2.675700 ms (FindLiveObjects: 0.276300 ms CreateObjectMapping: 0.057700 ms MarkObjects: 2.174700 ms  DeleteObjects: 0.165400 ms)

========================================================================
Received Prepare
Registering precompiled user dll's ...
Registered in 0.001892 seconds.
Begin MonoManager ReloadAssembly
Native extension for WindowsStandalone target not found
Refreshing native plugins compatible for Editor in 0.69 ms, found 1 plugins.
Preloading 0 native plugins for Editor in 0.00 ms.
Invoked RoslynAnalysisRunner static constructor.
RoslynAnalysisRunner will not be running.
RoslynAnalysisRunner has terminated.
Mono: successfully reloaded assembly
- Completed reload, in  1.754 seconds
Platform modules already initialized, skipping
Refreshing native plugins compatible for Editor in 0.38 ms, found 1 plugins.
Preloading 0 native plugins for Editor in 0.00 ms.
Unloading 1804 Unused Serialized files (Serialized files now loaded: 0)
System memory in use before: 87.5 MB.
System memory in use after: 87.5 MB.

Unloading 12 unused Assets to reduce memory usage. Loaded Objects now: 2383.
Total: 3.065300 ms (FindLiveObjects: 0.341700 ms CreateObjectMapping: 0.060600 ms MarkObjects: 2.491500 ms  DeleteObjects: 0.170100 ms)

========================================================================
Received Prepare
Registering precompiled user dll's ...
Registered in 0.002526 seconds.
Begin MonoManager ReloadAssembly
Native extension for WindowsStandalone target not found
Refreshing native plugins compatible for Editor in 0.46 ms, found 1 plugins.
Preloading 0 native plugins for Editor in 0.00 ms.
Invoked RoslynAnalysisRunner static constructor.
RoslynAnalysisRunner will not be running.
RoslynAnalysisRunner has terminated.
Mono: successfully reloaded assembly
- Completed reload, in  1.557 seconds
Platform modules already initialized, skipping
Refreshing native plugins compatible for Editor in 0.42 ms, found 1 plugins.
Preloading 0 native plugins for Editor in 0.00 ms.
Unloading 1804 Unused Serialized files (Serialized files now loaded: 0)
System memory in use before: 87.5 MB.
System memory in use after: 87.5 MB.

Unloading 12 unused Assets to reduce memory usage. Loaded Objects now: 2387.
Total: 2.605700 ms (FindLiveObjects: 0.262200 ms CreateObjectMapping: 0.051500 ms MarkObjects: 2.136400 ms  DeleteObjects: 0.153900 ms)

========================================================================
Received Prepare
Registering precompiled user dll's ...
Registered in 0.001600 seconds.
Begin MonoManager ReloadAssembly
Native extension for WindowsStandalone target not found
Refreshing native plugins compatible for Editor in 0.47 ms, found 1 plugins.
Preloading 0 native plugins for Editor in 0.00 ms.
Invoked RoslynAnalysisRunner static constructor.
RoslynAnalysisRunner will not be running.
RoslynAnalysisRunner has terminated.
Mono: successfully reloaded assembly
- Completed reload, in  1.562 seconds
Platform modules already initialized, skipping
Refreshing native plugins compatible for Editor in 0.58 ms, found 1 plugins.
Preloading 0 native plugins for Editor in 0.00 ms.
Unloading 1804 Unused Serialized files (Serialized files now loaded: 0)
System memory in use before: 87.6 MB.
System memory in use after: 87.5 MB.

Unloading 12 unused Assets to reduce memory usage. Loaded Objects now: 2391.
Total: 3.185700 ms (FindLiveObjects: 0.326400 ms CreateObjectMapping: 0.057200 ms MarkObjects: 2.617000 ms  DeleteObjects: 0.183600 ms)

========================================================================
Received Prepare
Registering precompiled user dll's ...
Registered in 0.001620 seconds.
Begin MonoManager ReloadAssembly
Native extension for WindowsStandalone target not found
Refreshing native plugins compatible for Editor in 0.58 ms, found 1 plugins.
Preloading 0 native plugins for Editor in 0.00 ms.
Invoked RoslynAnalysisRunner static constructor.
RoslynAnalysisRunner will not be running.
RoslynAnalysisRunner has terminated.
Mono: successfully reloaded assembly
- Completed reload, in  1.551 seconds
Platform modules already initialized, skipping
Refreshing native plugins compatible for Editor in 0.43 ms, found 1 plugins.
Preloading 0 native plugins for Editor in 0.00 ms.
Unloading 1804 Unused Serialized files (Serialized files now loaded: 0)
System memory in use before: 87.6 MB.
System memory in use after: 87.6 MB.

Unloading 12 unused Assets to reduce memory usage. Loaded Objects now: 2395.
Total: 3.511500 ms (FindLiveObjects: 0.332900 ms CreateObjectMapping: 0.054900 ms MarkObjects: 2.935800 ms  DeleteObjects: 0.185400 ms)

========================================================================
Received Prepare
Registering precompiled user dll's ...
Registered in 0.002049 seconds.
Begin MonoManager ReloadAssembly
Native extension for WindowsStandalone target not found
Refreshing native plugins compatible for Editor in 0.44 ms, found 1 plugins.
Preloading 0 native plugins for Editor in 0.00 ms.
Invoked RoslynAnalysisRunner static constructor.
RoslynAnalysisRunner will not be running.
RoslynAnalysisRunner has terminated.
Mono: successfully reloaded assembly
- Completed reload, in  1.668 seconds
Platform modules already initialized, skipping
Refreshing native plugins compatible for Editor in 0.41 ms, found 1 plugins.
Preloading 0 native plugins for Editor in 0.00 ms.
Unloading 1804 Unused Serialized files (Serialized files now loaded: 0)
System memory in use before: 87.6 MB.
System memory in use after: 87.6 MB.

Unloading 12 unused Assets to reduce memory usage. Loaded Objects now: 2399.
Total: 3.507100 ms (FindLiveObjects: 0.317000 ms CreateObjectMapping: 0.087400 ms MarkObjects: 2.471100 ms  DeleteObjects: 0.628800 ms)

========================================================================
Received Prepare
Registering precompiled user dll's ...
Registered in 0.001626 seconds.
Begin MonoManager ReloadAssembly
Native extension for WindowsStandalone target not found
Refreshing native plugins compatible for Editor in 0.48 ms, found 1 plugins.
Preloading 0 native plugins for Editor in 0.00 ms.
Invoked RoslynAnalysisRunner static constructor.
RoslynAnalysisRunner will not be running.
RoslynAnalysisRunner has terminated.
Mono: successfully reloaded assembly
- Completed reload, in  1.550 seconds
Platform modules already initialized, skipping
Refreshing native plugins compatible for Editor in 0.82 ms, found 1 plugins.
Preloading 0 native plugins for Editor in 0.00 ms.
Unloading 1804 Unused Serialized files (Serialized files now loaded: 0)
System memory in use before: 87.6 MB.
System memory in use after: 87.6 MB.

Unloading 12 unused Assets to reduce memory usage. Loaded Objects now: 2403.
Total: 3.779900 ms (FindLiveObjects: 0.331000 ms CreateObjectMapping: 0.074700 ms MarkObjects: 3.187900 ms  DeleteObjects: 0.183500 ms)

AssetImportWorkerClient::OnTransportError - code=2 error=End of file
